<?xml version="1.0" encoding="UTF-8"?>
<testsuite xmlns:xsi="http://www.w3.org/2001/XMLSchema-instance" xsi:noNamespaceSchemaLocation="https://maven.apache.org/surefire/maven-surefire-plugin/xsd/surefire-test-report.xsd" name="com.DisneyAlkemy.DisneyAlkemy.disneyAlkemyApplicationTests" time="0.181" tests="1" errors="1" skipped="0" failures="0">
  <properties>
[...]
</properties>
  <testcase name="com.DisneyAlkemy.DisneyAlkemy.disneyAlkemyApplicationTests" classname="com.DisneyAlkemy.DisneyAlkemy.disneyAlkemyApplicationTests" time="0.18">
    <error message="Unable to find a @SpringBootConfiguration, you need to use @ContextConfiguration or @SpringBootTest(classes=...) with your test" type="java.lang.IllegalStateException">java.lang.IllegalStateException: Unable to find a @SpringBootConfiguration, you need to use @ContextConfiguration or @SpringBootTest(classes=...) with your test
</error>
    <system-out><![CDATA[21:35:32.047 [main] DEBUG org.springframework.test.context.BootstrapUtils - Instantiating CacheAwareContextLoaderDelegate from class [org.springframework.test.context.cache.DefaultCacheAwareContextLoaderDelegate]
21:35:32.055 [main] DEBUG org.springframework.test.context.BootstrapUtils - Instantiating BootstrapContext using constructor [public org.springframework.test.context.support.DefaultBootstrapContext(java.lang.Class,org.springframework.test.context.CacheAwareContextLoaderDelegate)]
21:35:32.083 [main] DEBUG org.springframework.test.context.BootstrapUtils - Instantiating TestContextBootstrapper for test class [com.DisneyAlkemy.DisneyAlkemy.disneyAlkemyApplicationTests] from class [org.springframework.boot.test.context.SpringBootTestContextBootstrapper]
21:35:32.092 [main] INFO org.springframework.boot.test.context.SpringBootTestContextBootstrapper - Neither @ContextConfiguration nor @ContextHierarchy found for test class [com.DisneyAlkemy.DisneyAlkemy.disneyAlkemyApplicationTests], using SpringBootContextLoader
21:35:32.094 [main] DEBUG org.springframework.test.context.support.AbstractContextLoader - Did not detect default resource location for test class [com.DisneyAlkemy.DisneyAlkemy.disneyAlkemyApplicationTests]: class path resource [com/DisneyAlkemy/DisneyAlkemy/disneyAlkemyApplicationTests-context.xml] does not exist
21:35:32.095 [main] DEBUG org.springframework.test.context.support.AbstractContextLoader - Did not detect default resource location for test class [com.DisneyAlkemy.DisneyAlkemy.disneyAlkemyApplicationTests]: class path resource [com/DisneyAlkemy/DisneyAlkemy/disneyAlkemyApplicationTestsContext.groovy] does not exist
21:35:32.095 [main] INFO org.springframework.test.context.support.AbstractContextLoader - Could not detect default resource locations for test class [com.DisneyAlkemy.DisneyAlkemy.disneyAlkemyApplicationTests]: no resource found for suffixes {-context.xml, Context.groovy}.
21:35:32.095 [main] INFO org.springframework.test.context.support.AnnotationConfigContextLoaderUtils - Could not detect default configuration classes for test class [com.DisneyAlkemy.DisneyAlkemy.disneyAlkemyApplicationTests]: disneyAlkemyApplicationTests does not declare any static, non-private, non-final, nested classes annotated with @Configuration.
21:35:32.130 [main] DEBUG org.springframework.test.context.support.ActiveProfilesUtils - Could not find an 'annotation declaring class' for annotation type [org.springframework.test.context.ActiveProfiles] and class [com.DisneyAlkemy.DisneyAlkemy.disneyAlkemyApplicationTests]
]]></system-out>
  </testcase>
</testsuite>